
> frontend-vue@0.0.0 preview
> vite preview --port 10086

  ➜  Local:   http://localhost:10086/
  ➜  Network: http://10.10.27.147:10086/

> frontend-vue@0.0.0 preview
> vite preview --port 10086

Port 10086 is in use, trying another one...
  ➜  Local:   http://localhost:10087/
  ➜  Network: http://10.10.27.147:10087/

> frontend-vue@0.0.0 preview
> vite preview --port 10086

Port 10086 is in use, trying another one...
Port 10087 is in use, trying another one...
  ➜  Local:   http://localhost:10088/
  ➜  Network: http://10.10.27.147:10088/
Killed
Killed
Killed

> frontend-vue@0.0.0 preview
> vite preview --port 10086

  ➜  Local:   http://localhost:10086/
  ➜  Network: http://10.10.27.147:10086/
